2021-07-13 16:29:53.355  INFO 14324 --- [main] lavalink.server.Launcher                 : 

[32m       .  [31m _                  _ _       _    [32m__ _ _
[32m      /\\ [31m| | __ ___   ____ _| (_)_ __ | | __[32m\ \ \ \
[32m     ( ( )[31m| |/ _` \ \ / / _` | | | '_ \| |/ /[32m \ \ \ \
[32m      \\/ [31m| | (_| |\ V / (_| | | | | | |   < [32m  ) ) ) )
[32m       '  [31m|_|\__,_| \_/ \__,_|_|_|_| |_|_|\_\[32m / / / /
[0m    =========================================[32m/_/_/_/[0m

	Version:        2ac6bf4e0dcab9ba7493b0494316b8bee698913d-SNAPSHOT
	Build:          1232
	Build time:     20.04.2021 07:05:21 UTC
	Branch          master
	Commit:         2ac6bf4
	Commit time:    20.04.2021 07:02:46 UTC
	JVM:            16.0.1
	Lavaplayer      1.3.76

2021-07-13 16:29:53.475  INFO 14324 --- [main] lavalink.server.Launcher                 : Starting Launcher on DESKTOP-D02DME2 with PID 14324 (C:\Users\Ryan\PycharmProjects\DiscordBot\Lavalink.jar started by Ryan in C:\Users\Ryan\PycharmProjects\DiscordBot)
2021-07-13 16:29:53.476  INFO 14324 --- [main] lavalink.server.Launcher                 : No active profile set, falling back to default profiles: default
2021-07-13 16:29:53.587  WARN 14324 --- [background-preinit] o.s.h.c.j.Jackson2ObjectMapperBuilder    : For Jackson Kotlin classes support please add "com.fasterxml.jackson.module:jackson-module-kotlin" to the classpath
2021-07-13 16:29:54.740  WARN 14324 --- [main] io.undertow.websockets.jsr               : UT026010: Buffer pool was not set on WebSocketDeploymentInfo, the default pool will be used
2021-07-13 16:29:54.778  INFO 14324 --- [main] io.undertow.servlet                      : Initializing Spring embedded WebApplicationContext
2021-07-13 16:29:54.778  INFO 14324 --- [main] o.s.web.context.ContextLoader            : Root WebApplicationContext: initialization completed in 1252 ms
2021-07-13 16:29:55.110  WARN 14324 --- [main] l.server.config.SentryConfiguration      : Turning off sentry
2021-07-13 16:29:55.438  INFO 14324 --- [main] c.s.d.l.tools.GarbageCollectionMonitor   : GC monitoring enabled, reporting results every 2 minutes.
2021-07-13 16:29:55.703  INFO 14324 --- [main] lavalink.server.config.KoeConfiguration  : OS: Windows 10, Arch: amd64
2021-07-13 16:29:55.703  WARN 14324 --- [main] lavalink.server.config.KoeConfiguration  : This system and architecture appears to not support native audio sending! GC pauses may cause your bot to stutter during playback.
2021-07-13 16:29:55.939  INFO 14324 --- [main] o.s.s.concurrent.ThreadPoolTaskExecutor  : Initializing ExecutorService 'applicationTaskExecutor'
2021-07-13 16:29:56.291  INFO 14324 --- [main] org.xnio                                 : XNIO version 3.3.8.Final
2021-07-13 16:29:56.308  INFO 14324 --- [main] org.xnio.nio                             : XNIO NIO Implementation Version 3.3.8.Final
2021-07-13 16:29:56.389  INFO 14324 --- [main] o.s.b.w.e.u.UndertowServletWebServer     : Undertow started on port(s) 2333 (http) with context path ''
2021-07-13 16:29:56.394  INFO 14324 --- [main] lavalink.server.Launcher                 : Started Launcher in 3.564 seconds (JVM running for 4.111)
2021-07-13 16:29:56.395  INFO 14324 --- [main] lavalink.server.Launcher                 : You can safely ignore the big red warning about illegal reflection. See https://github.com/freyacodes/Lavalink/issues/295
2021-07-13 16:30:07.611  INFO 14324 --- [XNIO-1 task-1] io.undertow.servlet                      : Initializing Spring DispatcherServlet 'dispatcherServlet'
2021-07-13 16:30:07.612  INFO 14324 --- [XNIO-1 task-1] o.s.web.servlet.DispatcherServlet        : Initializing Servlet 'dispatcherServlet'
2021-07-13 16:30:07.622  INFO 14324 --- [XNIO-1 task-1] o.s.web.servlet.DispatcherServlet        : Completed initialization in 9 ms
2021-07-13 16:30:07.656  INFO 14324 --- [XNIO-1 task-1] l.server.io.HandshakeInterceptorImpl     : Incoming connection from /127.0.0.1:50083
2021-07-13 16:30:07.745  INFO 14324 --- [XNIO-1 task-1] lavalink.server.io.SocketServer          : Connection successfully established from /127.0.0.1:50083
2021-07-13 16:32:52.719  INFO 14324 --- [XNIO-1 task-3] l.server.player.AudioLoaderRestHandler   : Got request to load for identifier "ytsearch:mambo no.5"
2021-07-13 16:32:52.719  INFO 14324 --- [XNIO-1 task-2] l.server.player.AudioLoaderRestHandler   : Got request to load for identifier "ytsearch:mambo no.5"
2021-07-13 16:32:52.785  INFO 14324 --- [XNIO-1 I/O-7] lavalink.server.io.SocketServer          : {"op": "voiceUpdate", "guildId": "745427389948887125", "sessionId": "57acf88c03060e24805c0359e2379c44", "event": {"token": "9dac5523a3f2d5ea", "guild_id": "745427389948887125", "endpoint": "us-central8471.discord.media:443"}}
2021-07-13 16:32:54.110  INFO 14324 --- [lava-daemon-pool-info-loader-2-thread-1] lavalink.server.player.AudioLoader       : Loaded playlist Search results for: mambo no.5
2021-07-13 16:32:54.806  INFO 14324 --- [lava-daemon-pool-info-loader-2-thread-1] lavalink.server.player.AudioLoader       : Loaded playlist Search results for: mambo no.5
2021-07-13 16:33:15.825  INFO 14324 --- [XNIO-1 I/O-7] lavalink.server.io.SocketServer          : {"op": "play", "guildId": "745427389948887125", "track": "QAAApwIAPExvdSBCZWdhIC0gTWFtYm8gTm8uIDUgKEEgTGl0dGxlIEJpdCBvZi4uLikgKE9mZmljaWFsIFZpZGVvKQARTG91IEJlZ2EgT2ZmaWNpYWwAAAAAAANjMAALRUtfTE4zWEVjbncAAQAraHR0cHM6Ly93d3cueW91dHViZS5jb20vd2F0Y2g/dj1FS19MTjNYRWNudwAHeW91dHViZQAAAAAAAAAA", "noReplace": false, "startTime": "0"}
2021-07-13 16:33:45.433  INFO 14324 --- [XNIO-1 I/O-7] lavalink.server.io.SocketServer          : {"op": "stop", "guildId": "745427389948887125"}
2021-07-13 16:33:45.436  INFO 14324 --- [XNIO-1 I/O-7] lavalink.server.io.SocketServer          : {"op": "stop", "guildId": "745427389948887125"}
2021-07-13 16:37:59.383  INFO 14324 --- [XNIO-1 I/O-7] lavalink.server.io.SocketServer          : Connection closed from /127.0.0.1:50083 -- CloseStatus[code=1006, reason=]
2021-07-13 16:37:59.383  INFO 14324 --- [XNIO-1 I/O-7] lavalink.server.io.SocketContext         : Shutting down 0 playing players.
